  FunctionsL.cpp
c:\users\user1\desktop\для а\main\main\functionsl.cpp(11): error C3861: CheckMove: идентификатор не найден
c:\users\user1\desktop\для а\main\main\functionsl.cpp(63): error C2065: cout: необъявленный идентификатор
c:\users\user1\desktop\для а\main\main\functionsl.cpp(63): error C2065: endl: необъявленный идентификатор
c:\users\user1\desktop\для а\main\main\functionsl.cpp(64): error C2065: cout: необъявленный идентификатор
c:\users\user1\desktop\для а\main\main\functionsl.cpp(64): error C2065: endl: необъявленный идентификатор
c:\users\user1\desktop\для а\main\main\functionsl.cpp(65): error C2065: cout: необъявленный идентификатор
c:\users\user1\desktop\для а\main\main\functionsl.cpp(65): error C2065: endl: необъявленный идентификатор
c:\users\user1\desktop\для а\main\main\functionsl.cpp(66): error C2065: cout: необъявленный идентификатор
c:\users\user1\desktop\для а\main\main\functionsl.cpp(66): error C2065: endl: необъявленный идентификатор
c:\users\user1\desktop\для а\main\main\functionsl.cpp(67): error C2065: cout: необъявленный идентификатор
c:\users\user1\desktop\для а\main\main\functionsl.cpp(67): error C2065: endl: необъявленный идентификатор
c:\users\user1\desktop\для а\main\main\functionsl.cpp(68): error C2065: cout: необъявленный идентификатор
c:\users\user1\desktop\для а\main\main\functionsl.cpp(68): error C2065: endl: необъявленный идентификатор
c:\users\user1\desktop\для а\main\main\functionsl.cpp(69): error C2065: cin: необъявленный идентификатор
c:\users\user1\desktop\для а\main\main\functionsl.cpp(74): error C2065: cout: необъявленный идентификатор
c:\users\user1\desktop\для а\main\main\functionsl.cpp(74): error C2065: endl: необъявленный идентификатор
c:\users\user1\desktop\для а\main\main\functionsl.cpp(75): error C2065: cout: необъявленный идентификатор
c:\users\user1\desktop\для а\main\main\functionsl.cpp(75): error C2065: endl: необъявленный идентификатор
c:\users\user1\desktop\для а\main\main\functionsl.cpp(76): error C2065: cout: необъявленный идентификатор
c:\users\user1\desktop\для а\main\main\functionsl.cpp(76): error C2065: endl: необъявленный идентификатор
c:\users\user1\desktop\для а\main\main\functionsl.cpp(77): error C2065: cout: необъявленный идентификатор
c:\users\user1\desktop\для а\main\main\functionsl.cpp(77): error C2065: endl: необъявленный идентификатор
c:\users\user1\desktop\для а\main\main\functionsl.cpp(78): error C2065: cout: необъявленный идентификатор
c:\users\user1\desktop\для а\main\main\functionsl.cpp(78): error C2065: endl: необъявленный идентификатор
c:\users\user1\desktop\для а\main\main\functionsl.cpp(79): error C2065: cout: необъявленный идентификатор
c:\users\user1\desktop\для а\main\main\functionsl.cpp(79): error C2065: endl: необъявленный идентификатор
c:\users\user1\desktop\для а\main\main\functionsl.cpp(80): error C2065: cin: необъявленный идентификатор
  FunctionsS.cpp
  main.cpp
  Создание кода...
c:\users\user1\desktop\для а\main\main\main.cpp(302): warning C4715: CheckMove: значение возвращается не при всех путях выполнения
